2024-04-09 13:54:14 200 POST /users/login HTTP/1.1 PostmanRuntime/7.37.3 - 0:0:0:0:0:0:0:1 16
2024-04-09 13:54:33 200 GET /products/1/image HTTP/1.1 PostmanRuntime/7.37.3 - 0:0:0:0:0:0:0:1 2136
2024-04-09 13:54:37 200 POST /admin/products/1/image HTTP/1.1 PostmanRuntime/7.37.3 - 0:0:0:0:0:0:0:1 -
2024-04-09 16:31:12 200 POST /users/login HTTP/1.1 PostmanRuntime/7.37.3 - 0:0:0:0:0:0:0:1 16
2024-04-09 16:31:57 201 POST /admin/products HTTP/1.1 PostmanRuntime/7.37.3 - 0:0:0:0:0:0:0:1 28
2024-04-09 16:32:11 201 POST /admin/products HTTP/1.1 PostmanRuntime/7.37.3 - 0:0:0:0:0:0:0:1 28
2024-04-09 16:32:14 201 POST /admin/products HTTP/1.1 PostmanRuntime/7.37.3 - 0:0:0:0:0:0:0:1 28
2024-04-09 16:32:17 201 POST /admin/products HTTP/1.1 PostmanRuntime/7.37.3 - 0:0:0:0:0:0:0:1 28
2024-04-09 16:32:43 200 POST /admin/products/1/image HTTP/1.1 PostmanRuntime/7.37.3 - 0:0:0:0:0:0:0:1 -
2024-04-09 16:32:47 200 POST /admin/products/2/image HTTP/1.1 PostmanRuntime/7.37.3 - 0:0:0:0:0:0:0:1 -
2024-04-09 16:32:50 200 POST /admin/products/3/image HTTP/1.1 PostmanRuntime/7.37.3 - 0:0:0:0:0:0:0:1 -
2024-04-09 16:32:53 200 POST /admin/products/4/image HTTP/1.1 PostmanRuntime/7.37.3 - 0:0:0:0:0:0:0:1 -
2024-04-09 16:34:40 200 GET /admin/products HTTP/1.1 PostmanRuntime/7.37.3 - 0:0:0:0:0:0:0:1 106
2024-04-09 16:35:18 200 GET /admin/products HTTP/1.1 PostmanRuntime/7.37.3 - 0:0:0:0:0:0:0:1 106
2024-04-09 16:35:38 200 GET /admin/products HTTP/1.1 PostmanRuntime/7.37.3 - 0:0:0:0:0:0:0:1 106
2024-04-09 16:37:31 200 GET /products HTTP/1.1 PostmanRuntime/7.37.3 - 0:0:0:0:0:0:0:1 106
2024-04-09 16:42:38 200 GET /products HTTP/1.1 PostmanRuntime/7.37.3 - 0:0:0:0:0:0:0:1 106
2024-04-09 17:08:24 200 POST /users/login HTTP/1.1 PostmanRuntime/7.37.3 - 0:0:0:0:0:0:0:1 16
2024-04-09 17:08:38 200 POST /admin/products/4/image HTTP/1.1 PostmanRuntime/7.37.3 - 0:0:0:0:0:0:0:1 -
2024-04-09 17:08:46 200 GET /products/1/image HTTP/1.1 PostmanRuntime/7.37.3 - 0:0:0:0:0:0:0:1 2136
2024-04-09 17:09:00 200 GET /products/1/reviews/1/image HTTP/1.1 PostmanRuntime/7.37.3 - 0:0:0:0:0:0:0:1 779
