2024-04-12 10:21:15 200 POST /users/login HTTP/1.1 PostmanRuntime/7.37.3 - 0:0:0:0:0:0:0:1 16
2024-04-12 10:21:36 200 POST /order HTTP/1.1 PostmanRuntime/7.37.3 - 0:0:0:0:0:0:0:1 71
2024-04-12 10:21:37 200 POST /order HTTP/1.1 PostmanRuntime/7.37.3 - 0:0:0:0:0:0:0:1 71
2024-04-12 10:21:44 200 POST /products/3/reviews HTTP/1.1 PostmanRuntime/7.37.3 - 0:0:0:0:0:0:0:1 33
2024-04-12 10:21:46 200 POST /products/3/reviews HTTP/1.1 PostmanRuntime/7.37.3 - 0:0:0:0:0:0:0:1 33
2024-04-12 10:21:47 200 POST /products/3/reviews HTTP/1.1 PostmanRuntime/7.37.3 - 0:0:0:0:0:0:0:1 33
2024-04-12 10:21:48 200 POST /products/3/reviews HTTP/1.1 PostmanRuntime/7.37.3 - 0:0:0:0:0:0:0:1 33
2024-04-12 10:21:49 200 POST /products/3/reviews HTTP/1.1 PostmanRuntime/7.37.3 - 0:0:0:0:0:0:0:1 33
2024-04-12 10:21:50 200 POST /products/3/reviews HTTP/1.1 PostmanRuntime/7.37.3 - 0:0:0:0:0:0:0:1 33
2024-04-12 10:21:51 200 POST /products/3/reviews HTTP/1.1 PostmanRuntime/7.37.3 - 0:0:0:0:0:0:0:1 33
2024-04-12 10:22:27 200 POST /products/3/reviews HTTP/1.1 PostmanRuntime/7.37.3 - 0:0:0:0:0:0:0:1 33
2024-04-12 10:22:32 500 POST /products/3/reviews HTTP/1.1 PostmanRuntime/7.37.3 - 0:0:0:0:0:0:0:1 130
2024-04-12 10:22:35 500 POST /products/3/reviews HTTP/1.1 PostmanRuntime/7.37.3 - 0:0:0:0:0:0:0:1 130
2024-04-12 10:43:33 200 POST /order HTTP/1.1 PostmanRuntime/7.37.3 - 0:0:0:0:0:0:0:1 71
2024-04-12 10:43:46 400 POST /products/3/reviews HTTP/1.1 PostmanRuntime/7.37.3 - 0:0:0:0:0:0:0:1 80
2024-04-12 10:44:00 500 GET /payment/ready/11 HTTP/1.1 PostmanRuntime/7.37.3 - 0:0:0:0:0:0:0:1 128
2024-04-12 10:44:05 200 GET /payment/ready/1 HTTP/1.1 PostmanRuntime/7.37.3 - 0:0:0:0:0:0:0:1 210
2024-04-12 10:44:25 200 GET /payment/success/1?pg_token=835c7407446ddb1c1dda HTTP/1.1 Mozilla/5.0 (Macintosh; Intel Mac OS X 10_15_7) AppleWebKit/537.36 (KHTML, like Gecko) Chrome/123.0.0.0 Safari/537.36 - 0:0:0:0:0:0:0:1 168
2024-04-12 10:44:26 404 GET /favicon.ico HTTP/1.1 Mozilla/5.0 (Macintosh; Intel Mac OS X 10_15_7) AppleWebKit/537.36 (KHTML, like Gecko) Chrome/123.0.0.0 Safari/537.36 http://localhost:8080/payment/success/1?pg_token=835c7407446ddb1c1dda 0:0:0:0:0:0:0:1 111
2024-04-12 10:44:53 200 POST /products/3/reviews HTTP/1.1 PostmanRuntime/7.37.3 - 0:0:0:0:0:0:0:1 33
2024-04-12 10:44:55 400 POST /products/3/reviews HTTP/1.1 PostmanRuntime/7.37.3 - 0:0:0:0:0:0:0:1 74
2024-04-12 10:45:31 400 POST /products/3/reviews HTTP/1.1 PostmanRuntime/7.37.3 - 0:0:0:0:0:0:0:1 74
2024-04-12 10:45:32 400 POST /products/3/reviews HTTP/1.1 PostmanRuntime/7.37.3 - 0:0:0:0:0:0:0:1 74
2024-04-12 10:45:43 200 POST /order HTTP/1.1 PostmanRuntime/7.37.3 - 0:0:0:0:0:0:0:1 71
2024-04-12 10:45:47 400 POST /products/3/reviews HTTP/1.1 PostmanRuntime/7.37.3 - 0:0:0:0:0:0:0:1 74
2024-04-12 10:45:48 400 POST /products/3/reviews HTTP/1.1 PostmanRuntime/7.37.3 - 0:0:0:0:0:0:0:1 74
2024-04-12 10:46:43 200 POST /products/3/reviews HTTP/1.1 PostmanRuntime/7.37.3 - 0:0:0:0:0:0:0:1 33
2024-04-12 10:46:44 200 POST /products/3/reviews HTTP/1.1 PostmanRuntime/7.37.3 - 0:0:0:0:0:0:0:1 33
2024-04-12 10:46:45 200 POST /products/3/reviews HTTP/1.1 PostmanRuntime/7.37.3 - 0:0:0:0:0:0:0:1 33
2024-04-12 10:46:46 200 POST /products/3/reviews HTTP/1.1 PostmanRuntime/7.37.3 - 0:0:0:0:0:0:0:1 33
2024-04-12 10:46:46 200 POST /products/3/reviews HTTP/1.1 PostmanRuntime/7.37.3 - 0:0:0:0:0:0:0:1 33
2024-04-12 11:34:36 500 POST /products/3/reviews HTTP/1.1 PostmanRuntime/7.37.3 - 0:0:0:0:0:0:0:1 130
2024-04-12 11:34:45 200 POST /users/login HTTP/1.1 PostmanRuntime/7.37.3 - 0:0:0:0:0:0:0:1 16
2024-04-12 11:34:49 500 POST /products/3/reviews HTTP/1.1 PostmanRuntime/7.37.3 - 0:0:0:0:0:0:0:1 130
2024-04-12 11:37:12 500 POST /products/3/reviews HTTP/1.1 PostmanRuntime/7.37.3 - 0:0:0:0:0:0:0:1 130
2024-04-12 11:40:18 200 POST /order HTTP/1.1 PostmanRuntime/7.37.3 - 0:0:0:0:0:0:0:1 71
2024-04-12 11:40:20 200 POST /order HTTP/1.1 PostmanRuntime/7.37.3 - 0:0:0:0:0:0:0:1 71
2024-04-12 11:40:36 400 POST /products/3/reviews HTTP/1.1 PostmanRuntime/7.37.3 - 0:0:0:0:0:0:0:1 64
2024-04-12 11:55:05 200 POST /products/3/reviews HTTP/1.1 PostmanRuntime/7.37.3 - 0:0:0:0:0:0:0:1 33
2024-04-12 11:55:06 400 POST /products/3/reviews HTTP/1.1 PostmanRuntime/7.37.3 - 0:0:0:0:0:0:0:1 47
2024-04-12 12:07:49 400 POST /products/3/reviews HTTP/1.1 PostmanRuntime/7.37.3 - 0:0:0:0:0:0:0:1 47
2024-04-12 12:10:05 400 POST /products/3/reviews HTTP/1.1 PostmanRuntime/7.37.3 - 0:0:0:0:0:0:0:1 47
2024-04-12 12:10:06 400 POST /products/3/reviews HTTP/1.1 PostmanRuntime/7.37.3 - 0:0:0:0:0:0:0:1 47
2024-04-12 12:11:28 400 POST /products/3/reviews HTTP/1.1 PostmanRuntime/7.37.3 - 0:0:0:0:0:0:0:1 47
2024-04-12 12:11:29 400 POST /products/3/reviews HTTP/1.1 PostmanRuntime/7.37.3 - 0:0:0:0:0:0:0:1 47
2024-04-12 12:20:37 400 POST /products/3/reviews HTTP/1.1 PostmanRuntime/7.37.3 - 0:0:0:0:0:0:0:1 47
2024-04-12 12:20:38 400 POST /products/3/reviews HTTP/1.1 PostmanRuntime/7.37.3 - 0:0:0:0:0:0:0:1 47
2024-04-12 12:21:10 200 POST /users/login HTTP/1.1 PostmanRuntime/7.37.3 - 0:0:0:0:0:0:0:1 16
2024-04-12 12:21:15 200 POST /order HTTP/1.1 PostmanRuntime/7.37.3 - 0:0:0:0:0:0:0:1 71
2024-04-12 12:21:16 200 POST /order HTTP/1.1 PostmanRuntime/7.37.3 - 0:0:0:0:0:0:0:1 71
2024-04-12 12:21:32 200 POST /products/3/reviews HTTP/1.1 PostmanRuntime/7.37.3 - 0:0:0:0:0:0:0:1 33
2024-04-12 12:21:39 400 POST /products/3/reviews HTTP/1.1 PostmanRuntime/7.37.3 - 0:0:0:0:0:0:0:1 47
2024-04-12 12:25:56 400 POST /products/3/reviews HTTP/1.1 PostmanRuntime/7.37.3 - 0:0:0:0:0:0:0:1 74
2024-04-12 12:27:26 400 POST /products/3/reviews HTTP/1.1 PostmanRuntime/7.37.3 - 0:0:0:0:0:0:0:1 74
2024-04-12 12:29:17 400 POST /products/3/reviews HTTP/1.1 PostmanRuntime/7.37.3 - 0:0:0:0:0:0:0:1 74
2024-04-12 12:29:19 400 POST /products/3/reviews HTTP/1.1 PostmanRuntime/7.37.3 - 0:0:0:0:0:0:0:1 74
2024-04-12 12:29:23 400 POST /products/3/reviews HTTP/1.1 PostmanRuntime/7.37.3 - 0:0:0:0:0:0:0:1 74
2024-04-12 12:33:35 400 POST /products/3/reviews HTTP/1.1 PostmanRuntime/7.37.3 - 0:0:0:0:0:0:0:1 74
2024-04-12 12:33:36 400 POST /products/3/reviews HTTP/1.1 PostmanRuntime/7.37.3 - 0:0:0:0:0:0:0:1 74
2024-04-12 12:34:54 400 POST /products/3/reviews HTTP/1.1 PostmanRuntime/7.37.3 - 0:0:0:0:0:0:0:1 74
2024-04-12 12:42:34 400 POST /products/3/reviews HTTP/1.1 PostmanRuntime/7.37.3 - 0:0:0:0:0:0:0:1 74
2024-04-12 12:46:49 400 POST /products/3/reviews HTTP/1.1 PostmanRuntime/7.37.3 - 0:0:0:0:0:0:0:1 74
2024-04-12 12:47:16 400 POST /products/3/reviews HTTP/1.1 PostmanRuntime/7.37.3 - 0:0:0:0:0:0:0:1 74
2024-04-12 12:53:34 400 POST /products/3/reviews HTTP/1.1 PostmanRuntime/7.37.3 - 0:0:0:0:0:0:0:1 74
2024-04-12 12:54:48 200 POST /products/3/reviews HTTP/1.1 PostmanRuntime/7.37.3 - 0:0:0:0:0:0:0:1 33
2024-04-12 12:54:49 400 POST /products/3/reviews HTTP/1.1 PostmanRuntime/7.37.3 - 0:0:0:0:0:0:0:1 47
2024-04-12 12:54:50 400 POST /products/3/reviews HTTP/1.1 PostmanRuntime/7.37.3 - 0:0:0:0:0:0:0:1 47
2024-04-12 12:54:51 400 POST /products/3/reviews HTTP/1.1 PostmanRuntime/7.37.3 - 0:0:0:0:0:0:0:1 47
2024-04-12 12:55:01 200 POST /order HTTP/1.1 PostmanRuntime/7.37.3 - 0:0:0:0:0:0:0:1 71
2024-04-12 12:55:02 200 POST /order HTTP/1.1 PostmanRuntime/7.37.3 - 0:0:0:0:0:0:0:1 71
2024-04-12 12:55:03 200 POST /order HTTP/1.1 PostmanRuntime/7.37.3 - 0:0:0:0:0:0:0:1 71
2024-04-12 12:55:06 200 POST /products/3/reviews HTTP/1.1 PostmanRuntime/7.37.3 - 0:0:0:0:0:0:0:1 33
2024-04-12 12:55:07 200 POST /products/3/reviews HTTP/1.1 PostmanRuntime/7.37.3 - 0:0:0:0:0:0:0:1 33
2024-04-12 12:55:07 200 POST /products/3/reviews HTTP/1.1 PostmanRuntime/7.37.3 - 0:0:0:0:0:0:0:1 33
2024-04-12 12:55:08 400 POST /products/3/reviews HTTP/1.1 PostmanRuntime/7.37.3 - 0:0:0:0:0:0:0:1 47
2024-04-12 12:55:24 200 DELETE /products/3/reviews/1 HTTP/1.1 PostmanRuntime/7.37.3 - 0:0:0:0:0:0:0:1 33
2024-04-12 12:55:31 400 POST /products/3/reviews HTTP/1.1 PostmanRuntime/7.37.3 - 0:0:0:0:0:0:0:1 47
2024-04-12 12:55:33 400 POST /products/3/reviews HTTP/1.1 PostmanRuntime/7.37.3 - 0:0:0:0:0:0:0:1 47
2024-04-12 12:55:34 400 POST /products/3/reviews HTTP/1.1 PostmanRuntime/7.37.3 - 0:0:0:0:0:0:0:1 47
2024-04-12 12:56:00 200 POST /order HTTP/1.1 PostmanRuntime/7.37.3 - 0:0:0:0:0:0:0:1 71
2024-04-12 12:56:02 400 POST /products/6/reviews HTTP/1.1 PostmanRuntime/7.37.3 - 0:0:0:0:0:0:0:1 74
2024-04-12 12:56:25 400 POST /products/6/reviews HTTP/1.1 PostmanRuntime/7.37.3 - 0:0:0:0:0:0:0:1 74
2024-04-12 12:56:45 200 POST /order HTTP/1.1 PostmanRuntime/7.37.3 - 0:0:0:0:0:0:0:1 71
2024-04-12 12:57:17 400 POST /products/6/reviews HTTP/1.1 PostmanRuntime/7.37.3 - 0:0:0:0:0:0:0:1 74
2024-04-12 12:57:18 400 POST /products/6/reviews HTTP/1.1 PostmanRuntime/7.37.3 - 0:0:0:0:0:0:0:1 74
2024-04-12 12:59:24 400 POST /products/6/reviews HTTP/1.1 PostmanRuntime/7.37.3 - 0:0:0:0:0:0:0:1 74
2024-04-12 13:00:57 400 POST /products/6/reviews HTTP/1.1 PostmanRuntime/7.37.3 - 0:0:0:0:0:0:0:1 74
2024-04-12 14:27:06 500 POST /products/6/reviews HTTP/1.1 PostmanRuntime/7.37.3 - 0:0:0:0:0:0:0:1 130
2024-04-12 14:27:51 200 POST /users/login HTTP/1.1 PostmanRuntime/7.37.3 - 0:0:0:0:0:0:0:1 16
2024-04-12 14:27:58 200 POST /order HTTP/1.1 PostmanRuntime/7.37.3 - 0:0:0:0:0:0:0:1 71
2024-04-12 14:27:58 200 POST /order HTTP/1.1 PostmanRuntime/7.37.3 - 0:0:0:0:0:0:0:1 71
2024-04-12 14:28:05 200 POST /products/3/reviews HTTP/1.1 PostmanRuntime/7.37.3 - 0:0:0:0:0:0:0:1 33
2024-04-12 14:28:06 200 POST /products/3/reviews HTTP/1.1 PostmanRuntime/7.37.3 - 0:0:0:0:0:0:0:1 33
2024-04-12 14:28:07 400 POST /products/3/reviews HTTP/1.1 PostmanRuntime/7.37.3 - 0:0:0:0:0:0:0:1 67
2024-04-12 14:28:22 200 DELETE /products/3/reviews/1 HTTP/1.1 PostmanRuntime/7.37.3 - 0:0:0:0:0:0:0:1 33
2024-04-12 14:28:29 200 POST /products/3/reviews HTTP/1.1 PostmanRuntime/7.37.3 - 0:0:0:0:0:0:0:1 33
2024-04-12 14:44:10 500 POST /products/3/reviews HTTP/1.1 PostmanRuntime/7.37.3 - 0:0:0:0:0:0:0:1 130
2024-04-12 14:45:17 500 POST /products/3/reviews HTTP/1.1 PostmanRuntime/7.37.3 - 0:0:0:0:0:0:0:1 130
2024-04-12 14:46:56 200 POST /products/3/reviews HTTP/1.1 PostmanRuntime/7.37.3 - 0:0:0:0:0:0:0:1 33
2024-04-12 14:46:59 400 POST /products/3/reviews HTTP/1.1 PostmanRuntime/7.37.3 - 0:0:0:0:0:0:0:1 67
2024-04-12 14:47:13 400 POST /products/3/reviews HTTP/1.1 PostmanRuntime/7.37.3 - 0:0:0:0:0:0:0:1 67
2024-04-12 14:49:24 400 POST /products/3/reviews HTTP/1.1 PostmanRuntime/7.37.3 - 0:0:0:0:0:0:0:1 67
2024-04-12 14:50:38 400 POST /products/3/reviews HTTP/1.1 PostmanRuntime/7.37.3 - 0:0:0:0:0:0:0:1 67
2024-04-12 14:52:03 200 POST /order HTTP/1.1 PostmanRuntime/7.37.3 - 0:0:0:0:0:0:0:1 71
2024-04-12 14:52:05 200 POST /order HTTP/1.1 PostmanRuntime/7.37.3 - 0:0:0:0:0:0:0:1 71
2024-04-12 14:52:21 200 POST /products/3/reviews HTTP/1.1 PostmanRuntime/7.37.3 - 0:0:0:0:0:0:0:1 33
2024-04-12 14:52:24 400 POST /products/3/reviews HTTP/1.1 PostmanRuntime/7.37.3 - 0:0:0:0:0:0:0:1 67
2024-04-12 14:59:11 200 POST /products/3/reviews HTTP/1.1 PostmanRuntime/7.37.3 - 0:0:0:0:0:0:0:1 33
2024-04-12 14:59:12 400 POST /products/3/reviews HTTP/1.1 PostmanRuntime/7.37.3 - 0:0:0:0:0:0:0:1 66
2024-04-12 14:59:28 200 DELETE /products/3/reviews/1 HTTP/1.1 PostmanRuntime/7.37.3 - 0:0:0:0:0:0:0:1 33
2024-04-12 14:59:35 400 POST /products/3/reviews HTTP/1.1 PostmanRuntime/7.37.3 - 0:0:0:0:0:0:0:1 66
2024-04-12 14:59:47 200 POST /order HTTP/1.1 PostmanRuntime/7.37.3 - 0:0:0:0:0:0:0:1 71
2024-04-12 14:59:49 200 POST /products/3/reviews HTTP/1.1 PostmanRuntime/7.37.3 - 0:0:0:0:0:0:0:1 33
2024-04-12 14:59:51 400 POST /products/3/reviews HTTP/1.1 PostmanRuntime/7.37.3 - 0:0:0:0:0:0:0:1 66
2024-04-12 15:02:11 200 GET /products HTTP/1.1 Mozilla/5.0 (Macintosh; Intel Mac OS X 10_15_7) AppleWebKit/537.36 (KHTML, like Gecko) Chrome/123.0.0.0 Safari/537.36 http://localhost:8081/ 0:0:0:0:0:0:0:1 128
2024-04-12 15:02:23 200 OPTIONS /users/login HTTP/1.1 Mozilla/5.0 (Macintosh; Intel Mac OS X 10_15_7) AppleWebKit/537.36 (KHTML, like Gecko) Chrome/123.0.0.0 Safari/537.36 http://localhost:8081/ 0:0:0:0:0:0:0:1 -
2024-04-12 15:02:23 200 POST /users/login HTTP/1.1 Mozilla/5.0 (Macintosh; Intel Mac OS X 10_15_7) AppleWebKit/537.36 (KHTML, like Gecko) Chrome/123.0.0.0 Safari/537.36 http://localhost:8081/ 0:0:0:0:0:0:0:1 16
2024-04-12 15:02:24 200 GET /products HTTP/1.1 Mozilla/5.0 (Macintosh; Intel Mac OS X 10_15_7) AppleWebKit/537.36 (KHTML, like Gecko) Chrome/123.0.0.0 Safari/537.36 http://localhost:8081/ 0:0:0:0:0:0:0:1 128
2024-04-12 15:03:12 400 GET /products/null HTTP/1.1 Mozilla/5.0 (Macintosh; Intel Mac OS X 10_15_7) AppleWebKit/537.36 (KHTML, like Gecko) Chrome/123.0.0.0 Safari/537.36 http://localhost:8081/ 0:0:0:0:0:0:0:1 115
2024-04-12 15:03:12 400 GET /products/null/reviews HTTP/1.1 Mozilla/5.0 (Macintosh; Intel Mac OS X 10_15_7) AppleWebKit/537.36 (KHTML, like Gecko) Chrome/123.0.0.0 Safari/537.36 http://localhost:8081/ 0:0:0:0:0:0:0:1 123
